<?xml version="1.0" encoding="UTF-8"?>
<testExecutions version="1">
  <file path="/Users/thuctran/Documents/projects/my-app/src/App.test.tsx">
    <testCase name="renders learn react link" duration="43"/>
  </file>
</testExecutions>